# configure exec: ./configure --prefix=/home/huhsway/tmax/node-kafka-tut/node_modules/node-rdkafka/build/deps --libdir=/home/huhsway/tmax/node-kafka-tut/node_modules/node-rdkafka/build/deps --prefix=/home/huhsway/tmax/node-kafka-tut/node_modules/node-rdkafka/build/deps --libdir=/home/huhsway/tmax/node-kafka-tut/node_modules/node-rdkafka/build/deps
# On 2022. 02. 15. (화) 15:13:25 KST
DBG 2813411: Setting distro (distro) status to ok (action ignore)
DBG 2813411: ccenv: WITH_CC:  --version failed: mklove/modules/configure.base: line 1761: --version: command not found
DBG 2813411: Setting ccenv (ccenv) status to failed (action cont)
DBG 2813411: Check ccenv (WITH_CC, action cont (originally cont)) failed: command ' --version' failed:
mklove/modules/configure.base: line 1761: --version: command not found
DBG 2813411: Setting gcc (gcc) status to ok (action cont)
DBG 2813411: cxxenv: WITH_CXX:  --version failed: mklove/modules/configure.base: line 1761: --version: command not found
DBG 2813411: Setting cxxenv (cxxenv) status to failed (action cont)
DBG 2813411: Check cxxenv (WITH_CXX, action cont (originally cont)) failed: command ' --version' failed:
mklove/modules/configure.base: line 1761: --version: command not found
DBG 2813411: Setting gxx (gxx) status to ok (action cont)
DBG 2813411: Setting ld (ld) status to ok (action disable)
DBG 2813411: Setting nm (nm) status to ok (action disable)
DBG 2813411: Setting objdump (objdump) status to ok (action disable)
DBG 2813411: Setting strip (strip) status to ok (action disable)
DBG 2813411: libtool: : libtool is not executable: 
DBG 2813411: Setting libtool (libtool) status to failed (action disable)
DBG 2813411: Check libtool (, action disable (originally disable)) failed: libtool is not executable
DBG 2813411: Setting ranlib (ranlib) status to ok (action disable)
DBG 2813411: Setting pkgconfig (pkgconfig) status to ok (action cont)
DBG 2813411: Setting install (install) status to ok (action cont)
DBG 2813411: Compile check PIC (HAVE_PIC) (sub=0): gcc  -g -O2 -Wall -Werror _mkltmpSpyMNG.c -o _mkltmpSpyMNG.c.o  -L/home/huhsway/tmax/node-kafka-tut/node_modules/node-rdkafka/build/deps -fPIC
DBG 2813411: Setting PIC (PIC) status to ok (action disable)
DBG 2813411: Compile check gnulib (WITH_GNULD) (sub=0): gcc  -g -O2 -fPIC -Wall -Werror _mkltmpuI52a5.c -o _mkltmpuI52a5.c.o  -L/home/huhsway/tmax/node-kafka-tut/node_modules/node-rdkafka/build/deps -shared -Wl,-soname,mkltest.0
DBG 2813411: Setting gnulib (gnulib) status to ok (action cont)
DBG 2813411: Compile check ldsflagvs () (sub=0): gcc  -g -O2 -fPIC -Wall -Werror _mkltmp7QDcS7.c -o _mkltmp7QDcS7.c.o  -L/home/huhsway/tmax/node-kafka-tut/node_modules/node-rdkafka/build/deps -shared -Wl,--version-script=_mkltmpa9pMPM
DBG 2813411: Setting ldsflagvs (ldsflagvs) status to ok (action cont)
DBG 2813411: Compile check __atomic_32 (HAVE_ATOMICS_32) (sub=0): gcc  -g -O2 -fPIC -Wall -Werror _mkltmpZZuRrj.c -o _mkltmpZZuRrj.c.o  -L/home/huhsway/tmax/node-kafka-tut/node_modules/node-rdkafka/build/deps 
DBG 2813411: Setting __atomic_32 (__atomic_32) status to ok (action cont)
DBG 2813411: Compile check __atomic_64 (HAVE_ATOMICS_64) (sub=0): gcc  -g -O2 -fPIC -Wall -Werror _mkltmpTFBgDh.c -o _mkltmpTFBgDh.c.o  -L/home/huhsway/tmax/node-kafka-tut/node_modules/node-rdkafka/build/deps 
DBG 2813411: Setting __atomic_64 (__atomic_64) status to ok (action cont)
DBG 2813411: Compile check socket () (sub=0): gcc  -g -O2 -fPIC -Wall -Wsign-compare -Wfloat-equal -Wpointer-arith -Wcast-align -Wall -Werror _mkltmpbC6Bg5.c -o _mkltmpbC6Bg5.c.o  -L/home/huhsway/tmax/node-kafka-tut/node_modules/node-rdkafka/build/deps 
DBG 2813411: Setting socket (socket) status to ok (action cont)
DBG 2813411: Setting parseversion (parseversion) status to ok (action cont)
DBG 2813411: pkg-config check librt for CFLAGS (): pkg-config --short-errors --cflags librt
DBG 2813411: 'pkg-config --short-errors --cflags librt' failed: No package 'librt' found
DBG 2813411: Setting librt_PKGCONFIG (librt_PKGCONFIG) status to failed (action cont)
DBG 2813411: Check librt_PKGCONFIG (, action cont (originally cont)) failed: 'pkg-config --short-errors --cflags librt' failed:
No package 'librt' found
DBG 2813411: librt: Check for static library (libs -lrt, arfile variable STATIC_LIB_librt=, static filenames )
DBG 2813411: Compile check librt () (sub=0): gcc  -g -O2 -fPIC -Wall -Wsign-compare -Wfloat-equal -Wpointer-arith -Wcast-align -Wall -Werror _mkltmpie7pwI.c -o _mkltmpie7pwI.c.o  -L/home/huhsway/tmax/node-kafka-tut/node_modules/node-rdkafka/build/deps -lrt
DBG 2813411: Setting librt (librt) status to ok (action cont)
DBG 2813411: librt: from lib_check: LIBS: prepend -lrt
DBG 2813411: pkg-config check libpthread for CFLAGS (): pkg-config --short-errors --cflags libpthread
DBG 2813411: 'pkg-config --short-errors --cflags libpthread' failed: No package 'libpthread' found
DBG 2813411: Setting libpthread_PKGCONFIG (libpthread_PKGCONFIG) status to failed (action cont)
DBG 2813411: Check libpthread_PKGCONFIG (, action cont (originally cont)) failed: 'pkg-config --short-errors --cflags libpthread' failed:
No package 'libpthread' found
DBG 2813411: libpthread: Check for static library (libs -lpthread, arfile variable STATIC_LIB_libpthread=, static filenames )
DBG 2813411: Compile check libpthread () (sub=0): gcc  -g -O2 -fPIC -Wall -Wsign-compare -Wfloat-equal -Wpointer-arith -Wcast-align -Wall -Werror _mkltmp9DWjJd.c -o _mkltmp9DWjJd.c.o  -L/home/huhsway/tmax/node-kafka-tut/node_modules/node-rdkafka/build/deps -lpthread
DBG 2813411: Setting libpthread (libpthread) status to ok (action fail)
DBG 2813411: libpthread: from lib_check: LIBS: prepend -lpthread
DBG 2813411: pkg-config check c11threads for CFLAGS (WITH_C11THREADS): pkg-config --short-errors --cflags c11threads
DBG 2813411: 'pkg-config --short-errors --cflags c11threads' failed: No package 'c11threads' found
DBG 2813411: Setting c11threads_PKGCONFIG (c11threads_PKGCONFIG) status to failed (action cont)
DBG 2813411: Check c11threads_PKGCONFIG (, action cont (originally cont)) failed: 'pkg-config --short-errors --cflags c11threads' failed:
No package 'c11threads' found
DBG 2813411: c11threads: Check for static library (libs -lpthread -lrt, arfile variable STATIC_LIB_c11threads=, static filenames )
DBG 2813411: Compile check c11threads (WITH_C11THREADS) (sub=0): gcc  -g -O2 -fPIC -Wall -Wsign-compare -Wfloat-equal -Wpointer-arith -Wcast-align -Wall -Werror _mkltmpRcRvJg.c -o _mkltmpRcRvJg.c.o  -L/home/huhsway/tmax/node-kafka-tut/node_modules/node-rdkafka/build/deps -lpthread -lrt
DBG 2813411: Setting c11threads (c11threads) status to ok (action disable)
DBG 2813411: c11threads: from lib_check: LIBS: prepend -lpthread -lrt
DBG 2813411: pkg-config check libdl for CFLAGS (WITH_LIBDL): pkg-config --short-errors --cflags libdl
DBG 2813411: 'pkg-config --short-errors --cflags libdl' failed: No package 'libdl' found
DBG 2813411: Setting libdl_PKGCONFIG (libdl_PKGCONFIG) status to failed (action cont)
DBG 2813411: Check libdl_PKGCONFIG (, action cont (originally cont)) failed: 'pkg-config --short-errors --cflags libdl' failed:
No package 'libdl' found
DBG 2813411: libdl: Check for static library (libs -ldl, arfile variable STATIC_LIB_libdl=, static filenames )
DBG 2813411: Compile check libdl (WITH_LIBDL) (sub=0): gcc  -g -O2 -fPIC -Wall -Wsign-compare -Wfloat-equal -Wpointer-arith -Wcast-align -Wall -Werror _mkltmpbZ77ql.c -o _mkltmpbZ77ql.c.o  -L/home/huhsway/tmax/node-kafka-tut/node_modules/node-rdkafka/build/deps -ldl
DBG 2813411: Setting libdl (libdl) status to ok (action disable)
DBG 2813411: libdl: from lib_check: LIBS: prepend -ldl
DBG 2813411: pkg-config check zlib for CFLAGS (WITH_ZLIB): pkg-config --short-errors --cflags zlib
DBG 2813411: pkg-config check zlib for LIBS (WITH_ZLIB): pkg-config --short-errors --libs zlib
DBG 2813411: zlib: from pkg-config: CFLAGS '', LIBS '-ldl -lpthread -lrt -lpthread -lrt'
DBG 2813411: zlib: performing compile check using pkg-config info
DBG 2813411: Compile check zlib (WITH_ZLIB) (sub=1): gcc  -g -O2 -fPIC -Wall -Wsign-compare -Wfloat-equal -Wpointer-arith -Wcast-align -Wall -Werror _mkltmp3C0IWb.c -o _mkltmp3C0IWb.c.o  -L/home/huhsway/tmax/node-kafka-tut/node_modules/node-rdkafka/build/deps  -lz
DBG 2813411: zlib: Check for static library (libs -lz, arfile variable STATIC_LIB_zlib=, static filenames libz.a)
DBG 2813411: zlib: from pkg-config: LIBS: prepend -lz
DBG 2813411: Setting zlib (zlib) status to ok (action cont)
DBG 2813411: pkg-config check libcrypto for CFLAGS (): pkg-config --short-errors --cflags libcrypto
DBG 2813411: 'pkg-config --short-errors --cflags libcrypto' failed: No package 'libcrypto' found
DBG 2813411: Setting libcrypto_PKGCONFIG (libcrypto_PKGCONFIG) status to failed (action cont)
DBG 2813411: Check libcrypto_PKGCONFIG (, action cont (originally cont)) failed: 'pkg-config --short-errors --cflags libcrypto' failed:
No package 'libcrypto' found
DBG 2813411: libcrypto: Check for static library (libs -lcrypto, arfile variable STATIC_LIB_libcrypto=, static filenames libcrypto.a)
DBG 2813411: Compile check libcrypto () (sub=0): gcc  -g -O2 -fPIC -Wall -Wsign-compare -Wfloat-equal -Wpointer-arith -Wcast-align -Wall -Werror _mkltmpCZbSOl.c -o _mkltmpCZbSOl.c.o  -L/home/huhsway/tmax/node-kafka-tut/node_modules/node-rdkafka/build/deps -lcrypto
DBG 2813411: compile check for libcrypto () failed: gcc  -g -O2 -fPIC -Wall -Wsign-compare -Wfloat-equal -Wpointer-arith -Wcast-align -Wall -Werror _mkltmpCZbSOl.c -o _mkltmpCZbSOl.c.o  -L/home/huhsway/tmax/node-kafka-tut/node_modules/node-rdkafka/build/deps -lcrypto: _mkltmpCZbSOl.c:2:10: fatal error: openssl/ssl.h: No such file or directory
    2 | #include <openssl/ssl.h>
      |          ^~~~~~~~~~~~~~~
compilation terminated.
DBG 2813411: Setting libcrypto (libcrypto) status to failed (action disable)
DBG 2813411: Check libcrypto (, action disable (originally disable)) failed: compile check failed:
CC: CC
flags: -lcrypto
gcc  -g -O2 -fPIC -Wall -Wsign-compare -Wfloat-equal -Wpointer-arith -Wcast-align -Wall -Werror _mkltmpCZbSOl.c -o _mkltmpCZbSOl.c.o  -L/home/huhsway/tmax/node-kafka-tut/node_modules/node-rdkafka/build/deps -lcrypto:
_mkltmpCZbSOl.c:2:10: fatal error: openssl/ssl.h: No such file or directory
    2 | #include <openssl/ssl.h>
      |          ^~~~~~~~~~~~~~~
compilation terminated.
source: 
#include <openssl/ssl.h>
#include <openssl/evp.h>
#if OPENSSL_VERSION_NUMBER < 0x1000100fL
#error "Requires OpenSSL version >= v1.0.1"
#endif
DBG 2813411: pkg-config check libsasl2 for CFLAGS (WITH_SASL_CYRUS): pkg-config --short-errors --cflags libsasl2
DBG 2813411: 'pkg-config --short-errors --cflags libsasl2' failed: No package 'libsasl2' found
DBG 2813411: Setting libsasl2_PKGCONFIG (libsasl2_PKGCONFIG) status to failed (action cont)
DBG 2813411: Check libsasl2_PKGCONFIG (, action cont (originally cont)) failed: 'pkg-config --short-errors --cflags libsasl2' failed:
No package 'libsasl2' found
DBG 2813411: libsasl2: Check for static library (libs -lsasl2, arfile variable STATIC_LIB_libsasl2=, static filenames )
DBG 2813411: Compile check libsasl2 (WITH_SASL_CYRUS) (sub=0): gcc  -g -O2 -fPIC -Wall -Wsign-compare -Wfloat-equal -Wpointer-arith -Wcast-align -Wall -Werror _mkltmprRH6zT.c -o _mkltmprRH6zT.c.o  -L/home/huhsway/tmax/node-kafka-tut/node_modules/node-rdkafka/build/deps -lsasl2
DBG 2813411: compile check for libsasl2 (WITH_SASL_CYRUS) failed: gcc  -g -O2 -fPIC -Wall -Wsign-compare -Wfloat-equal -Wpointer-arith -Wcast-align -Wall -Werror _mkltmprRH6zT.c -o _mkltmprRH6zT.c.o  -L/home/huhsway/tmax/node-kafka-tut/node_modules/node-rdkafka/build/deps -lsasl2: _mkltmprRH6zT.c:3:10: fatal error: sasl/sasl.h: No such file or directory
    3 | #include <sasl/sasl.h>
      |          ^~~~~~~~~~~~~
compilation terminated.
DBG 2813411: Setting libsasl2 (libsasl2) status to failed (action disable)
DBG 2813411: Check libsasl2 (WITH_SASL_CYRUS, action disable (originally disable)) failed: compile check failed:
CC: CC
flags: -lsasl2
gcc  -g -O2 -fPIC -Wall -Wsign-compare -Wfloat-equal -Wpointer-arith -Wcast-align -Wall -Werror _mkltmprRH6zT.c -o _mkltmprRH6zT.c.o  -L/home/huhsway/tmax/node-kafka-tut/node_modules/node-rdkafka/build/deps -lsasl2:
_mkltmprRH6zT.c:3:10: fatal error: sasl/sasl.h: No such file or directory
    3 | #include <sasl/sasl.h>
      |          ^~~~~~~~~~~~~
compilation terminated.
source: 
#include <stddef.h>
#include <sasl/sasl.h>

DBG 2813411: pkg-config check libsasl for CFLAGS (WITH_SASL_CYRUS): pkg-config --short-errors --cflags libsasl
DBG 2813411: 'pkg-config --short-errors --cflags libsasl' failed: No package 'libsasl' found
DBG 2813411: Setting libsasl_PKGCONFIG (libsasl_PKGCONFIG) status to failed (action cont)
DBG 2813411: Check libsasl_PKGCONFIG (, action cont (originally cont)) failed: 'pkg-config --short-errors --cflags libsasl' failed:
No package 'libsasl' found
DBG 2813411: libsasl: Check for static library (libs -lsasl, arfile variable STATIC_LIB_libsasl=, static filenames )
DBG 2813411: Compile check libsasl (WITH_SASL_CYRUS) (sub=0): gcc  -g -O2 -fPIC -Wall -Wsign-compare -Wfloat-equal -Wpointer-arith -Wcast-align -Wall -Werror _mkltmpQGWHDp.c -o _mkltmpQGWHDp.c.o  -L/home/huhsway/tmax/node-kafka-tut/node_modules/node-rdkafka/build/deps -lsasl
DBG 2813411: compile check for libsasl (WITH_SASL_CYRUS) failed: gcc  -g -O2 -fPIC -Wall -Wsign-compare -Wfloat-equal -Wpointer-arith -Wcast-align -Wall -Werror _mkltmpQGWHDp.c -o _mkltmpQGWHDp.c.o  -L/home/huhsway/tmax/node-kafka-tut/node_modules/node-rdkafka/build/deps -lsasl: _mkltmpQGWHDp.c:3:10: fatal error: sasl/sasl.h: No such file or directory
    3 | #include <sasl/sasl.h>
      |          ^~~~~~~~~~~~~
compilation terminated.
DBG 2813411: Setting libsasl (libsasl) status to failed (action disable)
DBG 2813411: Check libsasl (WITH_SASL_CYRUS, action disable (originally disable)) failed: compile check failed:
CC: CC
flags: -lsasl
gcc  -g -O2 -fPIC -Wall -Wsign-compare -Wfloat-equal -Wpointer-arith -Wcast-align -Wall -Werror _mkltmpQGWHDp.c -o _mkltmpQGWHDp.c.o  -L/home/huhsway/tmax/node-kafka-tut/node_modules/node-rdkafka/build/deps -lsasl:
_mkltmpQGWHDp.c:3:10: fatal error: sasl/sasl.h: No such file or directory
    3 | #include <sasl/sasl.h>
      |          ^~~~~~~~~~~~~
compilation terminated.
source: 
#include <stddef.h>
#include <sasl/sasl.h>

DBG 2813411: pkg-config check libzstd for CFLAGS (WITH_ZSTD): pkg-config --short-errors --cflags libzstd
DBG 2813411: 'pkg-config --short-errors --cflags libzstd' failed: No package 'libzstd' found
DBG 2813411: Setting libzstd_PKGCONFIG (libzstd_PKGCONFIG) status to failed (action cont)
DBG 2813411: Check libzstd_PKGCONFIG (, action cont (originally cont)) failed: 'pkg-config --short-errors --cflags libzstd' failed:
No package 'libzstd' found
DBG 2813411: libzstd: Check for static library (libs -lzstd, arfile variable STATIC_LIB_libzstd=, static filenames libzstd.a)
DBG 2813411: Compile check libzstd (WITH_ZSTD) (sub=0): gcc  -g -O2 -fPIC -Wall -Wsign-compare -Wfloat-equal -Wpointer-arith -Wcast-align -Wall -Werror _mkltmpaapzQI.c -o _mkltmpaapzQI.c.o  -L/home/huhsway/tmax/node-kafka-tut/node_modules/node-rdkafka/build/deps -lzstd
DBG 2813411: compile check for libzstd (WITH_ZSTD) failed: gcc  -g -O2 -fPIC -Wall -Wsign-compare -Wfloat-equal -Wpointer-arith -Wcast-align -Wall -Werror _mkltmpaapzQI.c -o _mkltmpaapzQI.c.o  -L/home/huhsway/tmax/node-kafka-tut/node_modules/node-rdkafka/build/deps -lzstd: _mkltmpaapzQI.c:2:10: fatal error: zstd.h: No such file or directory
    2 | #include <zstd.h>
      |          ^~~~~~~~
compilation terminated.
DBG 2813411: Setting libzstd (libzstd) status to failed (action disable)
DBG 2813411: Check libzstd (WITH_ZSTD, action disable (originally disable)) failed: compile check failed:
CC: CC
flags: -lzstd
gcc  -g -O2 -fPIC -Wall -Wsign-compare -Wfloat-equal -Wpointer-arith -Wcast-align -Wall -Werror _mkltmpaapzQI.c -o _mkltmpaapzQI.c.o  -L/home/huhsway/tmax/node-kafka-tut/node_modules/node-rdkafka/build/deps -lzstd:
_mkltmpaapzQI.c:2:10: fatal error: zstd.h: No such file or directory
    2 | #include <zstd.h>
      |          ^~~~~~~~
compilation terminated.
source: 
#include <zstd.h>
#include <zstd_errors.h>

void foo (void) {
     ZSTD_getFrameContentSize(NULL, 0);
}

DBG 2813411: pkg-config check libm for CFLAGS (): pkg-config --short-errors --cflags libm
DBG 2813411: 'pkg-config --short-errors --cflags libm' failed: No package 'libm' found
DBG 2813411: Setting libm_PKGCONFIG (libm_PKGCONFIG) status to failed (action cont)
DBG 2813411: Check libm_PKGCONFIG (, action cont (originally cont)) failed: 'pkg-config --short-errors --cflags libm' failed:
No package 'libm' found
DBG 2813411: libm: Check for static library (libs -lm, arfile variable STATIC_LIB_libm=, static filenames )
DBG 2813411: Compile check libm () (sub=0): gcc  -g -O2 -fPIC -Wall -Wsign-compare -Wfloat-equal -Wpointer-arith -Wcast-align -Wall -Werror _mkltmp9EO37w.c -o _mkltmp9EO37w.c.o  -L/home/huhsway/tmax/node-kafka-tut/node_modules/node-rdkafka/build/deps -lm
DBG 2813411: Setting libm (libm) status to ok (action disable)
DBG 2813411: libm: from lib_check: LIBS: prepend -lm
DBG 2813411: pkg-config check liblz4 for CFLAGS (WITH_LZ4_EXT): pkg-config --short-errors --cflags liblz4
DBG 2813411: 'pkg-config --short-errors --cflags liblz4' failed: No package 'liblz4' found
DBG 2813411: Setting liblz4_PKGCONFIG (liblz4_PKGCONFIG) status to failed (action cont)
DBG 2813411: Check liblz4_PKGCONFIG (, action cont (originally cont)) failed: 'pkg-config --short-errors --cflags liblz4' failed:
No package 'liblz4' found
DBG 2813411: liblz4: Check for static library (libs -llz4, arfile variable STATIC_LIB_liblz4=, static filenames liblz4.a)
DBG 2813411: Compile check liblz4 (WITH_LZ4_EXT) (sub=0): gcc  -g -O2 -fPIC -Wall -Wsign-compare -Wfloat-equal -Wpointer-arith -Wcast-align -Wall -Werror _mkltmplOnJpP.c -o _mkltmplOnJpP.c.o  -L/home/huhsway/tmax/node-kafka-tut/node_modules/node-rdkafka/build/deps -llz4
DBG 2813411: compile check for liblz4 (WITH_LZ4_EXT) failed: gcc  -g -O2 -fPIC -Wall -Wsign-compare -Wfloat-equal -Wpointer-arith -Wcast-align -Wall -Werror _mkltmplOnJpP.c -o _mkltmplOnJpP.c.o  -L/home/huhsway/tmax/node-kafka-tut/node_modules/node-rdkafka/build/deps -llz4: _mkltmplOnJpP.c:1:10: fatal error: lz4frame.h: No such file or directory
    1 | #include <lz4frame.h>
      |          ^~~~~~~~~~~~
compilation terminated.
DBG 2813411: Setting liblz4 (liblz4) status to failed (action disable)
DBG 2813411: Check liblz4 (WITH_LZ4_EXT, action disable (originally disable)) failed: compile check failed:
CC: CC
flags: -llz4
gcc  -g -O2 -fPIC -Wall -Wsign-compare -Wfloat-equal -Wpointer-arith -Wcast-align -Wall -Werror _mkltmplOnJpP.c -o _mkltmplOnJpP.c.o  -L/home/huhsway/tmax/node-kafka-tut/node_modules/node-rdkafka/build/deps -llz4:
_mkltmplOnJpP.c:1:10: fatal error: lz4frame.h: No such file or directory
    1 | #include <lz4frame.h>
      |          ^~~~~~~~~~~~
compilation terminated.
source: #include <lz4frame.h>
DBG 2813411: Compile check syslog (WITH_SYSLOG) (sub=0): gcc  -g -O2 -fPIC -Wall -Wsign-compare -Wfloat-equal -Wpointer-arith -Wcast-align -Wall -Werror _mkltmpPULCqn.c -o _mkltmpPULCqn.c.o  -L/home/huhsway/tmax/node-kafka-tut/node_modules/node-rdkafka/build/deps 
DBG 2813411: Setting syslog (syslog) status to ok (action disable)
DBG 2813411: Compile check rapidjson (WITH_RAPIDJSON) (sub=0): g++  -g -O2 -fPIC -Wall -Wsign-compare -Wfloat-equal -Wpointer-arith -Wcast-align -Wall -Werror _mkltmpPa6XFm.cpp -o _mkltmpPa6XFm.cpp.o  -L/home/huhsway/tmax/node-kafka-tut/node_modules/node-rdkafka/build/deps 
DBG 2813411: compile check for rapidjson (WITH_RAPIDJSON) failed: g++  -g -O2 -fPIC -Wall -Wsign-compare -Wfloat-equal -Wpointer-arith -Wcast-align -Wall -Werror _mkltmpPa6XFm.cpp -o _mkltmpPa6XFm.cpp.o  -L/home/huhsway/tmax/node-kafka-tut/node_modules/node-rdkafka/build/deps : _mkltmpPa6XFm.cpp:1:10: fatal error: rapidjson/schema.h: No such file or directory
    1 | #include <rapidjson/schema.h>
      |          ^~~~~~~~~~~~~~~~~~~~
compilation terminated.
DBG 2813411: Setting rapidjson (rapidjson) status to failed (action disable)
DBG 2813411: Check rapidjson (WITH_RAPIDJSON, action disable (originally disable)) failed: compile check failed:
CC: CXX
flags: 
g++  -g -O2 -fPIC -Wall -Wsign-compare -Wfloat-equal -Wpointer-arith -Wcast-align -Wall -Werror _mkltmpPa6XFm.cpp -o _mkltmpPa6XFm.cpp.o  -L/home/huhsway/tmax/node-kafka-tut/node_modules/node-rdkafka/build/deps :
_mkltmpPa6XFm.cpp:1:10: fatal error: rapidjson/schema.h: No such file or directory
    1 | #include <rapidjson/schema.h>
      |          ^~~~~~~~~~~~~~~~~~~~
compilation terminated.
source: #include <rapidjson/schema.h>
DBG 2813411: Compile check crc32chw (WITH_CRC32C_HW) (sub=0): gcc  -g -O2 -fPIC -Wall -Wsign-compare -Wfloat-equal -Wpointer-arith -Wcast-align -Wall -Werror _mkltmp2TXKz1.c -o _mkltmp2TXKz1.c.o  -L/home/huhsway/tmax/node-kafka-tut/node_modules/node-rdkafka/build/deps 
DBG 2813411: Setting crc32chw (crc32chw) status to ok (action disable)
DBG 2813411: Compile check regex (HAVE_REGEX) (sub=0): gcc  -g -O2 -fPIC -Wall -Wsign-compare -Wfloat-equal -Wpointer-arith -Wcast-align -Wall -Werror _mkltmpmcYauj.c -o _mkltmpmcYauj.c.o  -L/home/huhsway/tmax/node-kafka-tut/node_modules/node-rdkafka/build/deps 
DBG 2813411: Setting regex (regex) status to ok (action disable)
DBG 2813411: Compile check rand_r (HAVE_RAND_R) (sub=0): gcc  -g -O2 -fPIC -Wall -Wsign-compare -Wfloat-equal -Wpointer-arith -Wcast-align -Wall -Werror _mkltmpLy12lb.c -o _mkltmpLy12lb.c.o  -L/home/huhsway/tmax/node-kafka-tut/node_modules/node-rdkafka/build/deps 
DBG 2813411: Setting rand_r (rand_r) status to ok (action disable)
DBG 2813411: Compile check strndup (HAVE_STRNDUP) (sub=0): gcc  -g -O2 -fPIC -Wall -Wsign-compare -Wfloat-equal -Wpointer-arith -Wcast-align -Wall -Werror _mkltmp2GQCNB.c -o _mkltmp2GQCNB.c.o  -L/home/huhsway/tmax/node-kafka-tut/node_modules/node-rdkafka/build/deps 
DBG 2813411: Setting strndup (strndup) status to ok (action disable)
DBG 2813411: Compile check strlcpy (HAVE_STRLCPY) (sub=0): gcc  -g -O2 -fPIC -Wall -Wsign-compare -Wfloat-equal -Wpointer-arith -Wcast-align -Wall -Werror _mkltmpidiME8.c -o _mkltmpidiME8.c.o  -L/home/huhsway/tmax/node-kafka-tut/node_modules/node-rdkafka/build/deps 
DBG 2813411: compile check for strlcpy (HAVE_STRLCPY) failed: gcc  -g -O2 -fPIC -Wall -Wsign-compare -Wfloat-equal -Wpointer-arith -Wcast-align -Wall -Werror _mkltmpidiME8.c -o _mkltmpidiME8.c.o  -L/home/huhsway/tmax/node-kafka-tut/node_modules/node-rdkafka/build/deps : _mkltmpidiME8.c: In function ‘foo’:
_mkltmpidiME8.c:6:11: error: implicit declaration of function ‘strlcpy’; did you mean ‘strncpy’? [-Werror=implicit-function-declaration]
    6 |    return strlcpy(dest, "something", sizeof(dest));
      |           ^~~~~~~
      |           strncpy
cc1: all warnings being treated as errors
DBG 2813411: Setting strlcpy (strlcpy) status to failed (action disable)
DBG 2813411: Check strlcpy (HAVE_STRLCPY, action disable (originally disable)) failed: compile check failed:
CC: CC
flags: 
gcc  -g -O2 -fPIC -Wall -Wsign-compare -Wfloat-equal -Wpointer-arith -Wcast-align -Wall -Werror _mkltmpidiME8.c -o _mkltmpidiME8.c.o  -L/home/huhsway/tmax/node-kafka-tut/node_modules/node-rdkafka/build/deps :
_mkltmpidiME8.c: In function ‘foo’:
_mkltmpidiME8.c:6:11: error: implicit declaration of function ‘strlcpy’; did you mean ‘strncpy’? [-Werror=implicit-function-declaration]
    6 |    return strlcpy(dest, "something", sizeof(dest));
      |           ^~~~~~~
      |           strncpy
cc1: all warnings being treated as errors
source: 
#define _DARWIN_C_SOURCE
#include <string.h>
int foo (void) {
    char dest[4];
   return strlcpy(dest, "something", sizeof(dest));
}
DBG 2813411: Compile check strerror_r (HAVE_STRERROR_R) (sub=0): gcc  -g -O2 -fPIC -Wall -Wsign-compare -Wfloat-equal -Wpointer-arith -Wcast-align -Wall -Werror _mkltmpZeZcT7.c -o _mkltmpZeZcT7.c.o  -L/home/huhsway/tmax/node-kafka-tut/node_modules/node-rdkafka/build/deps 
DBG 2813411: Setting strerror_r (strerror_r) status to ok (action disable)
DBG 2813411: Compile check strcasestr (HAVE_STRCASESTR) (sub=0): gcc  -g -O2 -fPIC -Wall -Wsign-compare -Wfloat-equal -Wpointer-arith -Wcast-align -Wall -Werror _mkltmprx6Ra5.c -o _mkltmprx6Ra5.c.o  -L/home/huhsway/tmax/node-kafka-tut/node_modules/node-rdkafka/build/deps 
DBG 2813411: Setting strcasestr (strcasestr) status to ok (action disable)
DBG 2813411: Compile check pthread_setname_gnu (HAVE_PTHREAD_SETNAME_GNU) (sub=0): gcc  -g -O2 -fPIC -Wall -Wsign-compare -Wfloat-equal -Wpointer-arith -Wcast-align -Wall -Werror _mkltmp6EJPMw.c -o _mkltmp6EJPMw.c.o  -L/home/huhsway/tmax/node-kafka-tut/node_modules/node-rdkafka/build/deps -D_GNU_SOURCE -lpthread
DBG 2813411: Setting pthread_setname_gnu (pthread_setname_gnu) status to ok (action disable)
DBG 2813411: Setting nm (nm) status to ok (action cont)
DBG 2813411: Setting python3 (python3) status to ok (action disable)
DBG 2813411: Compile check getrusage (HAVE_GETRUSAGE) (sub=0): gcc  -g -O2 -fPIC -Wall -Wsign-compare -Wfloat-equal -Wpointer-arith -Wcast-align -Wall -Werror _mkltmprPkfcs.c -o _mkltmprPkfcs.c.o  -L/home/huhsway/tmax/node-kafka-tut/node_modules/node-rdkafka/build/deps 
DBG 2813411: Setting getrusage (getrusage) status to ok (action disable)
